2025-02-25 14:27:58,236 [INFO] Activator:176 - 


2025-02-25 14:27:58,239 [INFO] Activator:177 - !SESSION log4j initialized
2025-02-25 14:28:01,731 [INFO] LogOutputStream:77 - [STDOUT_REDIRECT] 
2025-02-25 14:28:04,673 [INFO] ApplicationProperties:184 - Using Application install path: C:\ST\STM32CubeIDE_1.13.2\STM32CubeIDE\plugins\com.st.stm32cube.common.mx_6.12.1.202409122256
2025-02-25 14:28:04,700 [INFO] DbMcusXml:78 - Set database path to: C:\ST\STM32CubeIDE_1.13.2\STM32CubeIDE\plugins\com.st.stm32cube.common.mx_6.12.1.202409122256\\db\/mcu/
2025-02-25 14:28:04,701 [INFO] ApiDb:274 - Set plugin database path to: C:\ST\STM32CubeIDE_1.13.2\STM32CubeIDE\plugins\com.st.stm32cube.common.mx_6.12.1.202409122256\\db\/plugins/boardmanager/
2025-02-25 14:28:04,707 [WARN] ApiDb:259 - Overriding images path with different value:  => C:\ST\STM32CubeIDE_1.13.2\STM32CubeIDE\plugins\com.st.stm32cube.common.mx_6.12.1.202409122256\\db\/plugins/mcufinder/images/
2025-02-25 14:28:04,719 [INFO] ApiDb:250 - Set database path to: C:\Users\kacpe\.stmcufinder\plugins\mcufinder//mcu/
2025-02-25 14:28:04,721 [INFO] DbMcusAds:125 - Set database path to: C:\Users\kacpe\.stmcufinder\plugins\mcufinder//mcu/
2025-02-25 14:28:04,725 [INFO] CrossReferenceDbSqlite:203 - Set database path to: C:\Users\kacpe\.stmcufinder\plugins\mcufinder//mcu/cs/
2025-02-25 14:28:04,911 [INFO] RulesReader:64 - Compatibility file has been processed (297 Rules)
2025-02-25 14:28:05,038 [INFO] DbMcusXml:78 - Set database path to: C:\ST\STM32CubeIDE_1.13.2\STM32CubeIDE\plugins\com.st.stm32cube.common.mx_6.12.1.202409122256\\db\/mcu/
2025-02-25 14:28:05,038 [INFO] ApiDb:274 - Set plugin database path to: C:\ST\STM32CubeIDE_1.13.2\STM32CubeIDE\plugins\com.st.stm32cube.common.mx_6.12.1.202409122256\\db\/plugins/boardmanager/
2025-02-25 14:28:05,039 [INFO] ApiDb:261 - Set plugin images path to: C:\ST\STM32CubeIDE_1.13.2\STM32CubeIDE\plugins\com.st.stm32cube.common.mx_6.12.1.202409122256\\db\/plugins/mcufinder/images/
2025-02-25 14:28:05,039 [WARN] DbFile:41 - Overriding database path with different value: C:\Users\kacpe\.stmcufinder\plugins\mcufinder/ => C:\Users\kacpe\.stmcufinder\plugins\mcufinder
2025-02-25 14:28:05,039 [INFO] ApiDb:250 - Set database path to: C:\Users\kacpe\.stmcufinder\plugins\mcufinder//mcu/
2025-02-25 14:28:05,040 [WARN] DbFile:41 - Overriding database path with different value: C:\Users\kacpe\.stmcufinder\plugins\mcufinder/ => C:\Users\kacpe\.stmcufinder\plugins\mcufinder
2025-02-25 14:28:05,040 [INFO] DbMcusAds:125 - Set database path to: C:\Users\kacpe\.stmcufinder\plugins\mcufinder//mcu/
2025-02-25 14:28:05,040 [WARN] DbFile:41 - Overriding database path with different value: C:\Users\kacpe\.stmcufinder\plugins\mcufinder/ => C:\Users\kacpe\.stmcufinder\plugins\mcufinder
2025-02-25 14:28:05,040 [WARN] DbFile:41 - Overriding database path with different value: C:\Users\kacpe\.stmcufinder\plugins\mcufinder/ => C:\Users\kacpe\.stmcufinder\plugins\mcufinder
2025-02-25 14:28:05,040 [INFO] CrossReferenceDbSqlite:203 - Set database path to: C:\Users\kacpe\.stmcufinder\plugins\mcufinder//mcu/cs/
2025-02-25 14:28:05,173 [INFO] MainPanel:268 - HeapMemory: 268435456
2025-02-25 14:28:05,291 [INFO] DbMcusXml:78 - Set database path to: C:\ST\STM32CubeIDE_1.13.2\STM32CubeIDE\plugins\com.st.stm32cube.common.mx_6.12.1.202409122256\\db\/mcu/
2025-02-25 14:28:05,291 [INFO] ApiDb:274 - Set plugin database path to: C:\ST\STM32CubeIDE_1.13.2\STM32CubeIDE\plugins\com.st.stm32cube.common.mx_6.12.1.202409122256\\db\/plugins/boardmanager/
2025-02-25 14:28:05,291 [INFO] ApiDb:261 - Set plugin images path to: C:\ST\STM32CubeIDE_1.13.2\STM32CubeIDE\plugins\com.st.stm32cube.common.mx_6.12.1.202409122256\\db\/plugins/mcufinder/images/
2025-02-25 14:28:05,292 [WARN] DbFile:41 - Overriding database path with different value: C:\Users\kacpe\.stmcufinder\plugins\mcufinder/ => C:\Users\kacpe\.stmcufinder\plugins\mcufinder
2025-02-25 14:28:05,292 [INFO] ApiDb:250 - Set database path to: C:\Users\kacpe\.stmcufinder\plugins\mcufinder//mcu/
2025-02-25 14:28:05,292 [WARN] DbFile:41 - Overriding database path with different value: C:\Users\kacpe\.stmcufinder\plugins\mcufinder/ => C:\Users\kacpe\.stmcufinder\plugins\mcufinder
2025-02-25 14:28:05,292 [INFO] DbMcusAds:125 - Set database path to: C:\Users\kacpe\.stmcufinder\plugins\mcufinder//mcu/
2025-02-25 14:28:05,292 [WARN] DbFile:41 - Overriding database path with different value: C:\Users\kacpe\.stmcufinder\plugins\mcufinder/ => C:\Users\kacpe\.stmcufinder\plugins\mcufinder
2025-02-25 14:28:05,293 [WARN] DbFile:41 - Overriding database path with different value: C:\Users\kacpe\.stmcufinder\plugins\mcufinder/ => C:\Users\kacpe\.stmcufinder\plugins\mcufinder
2025-02-25 14:28:05,293 [INFO] CrossReferenceDbSqlite:203 - Set database path to: C:\Users\kacpe\.stmcufinder\plugins\mcufinder//mcu/cs/
2025-02-25 14:28:05,323 [INFO] ApplicationProperties:184 - Using Application install path: C:\ST\STM32CubeIDE_1.13.2\STM32CubeIDE\plugins\com.st.stm32cube.common.mx_6.12.1.202409122256
2025-02-25 14:28:05,325 [INFO] PluginManage:196 - Search for loadable plugins [exclusion list=, ]
2025-02-25 14:28:05,327 [INFO] PluginManage:310 - Check plugin analytics
2025-02-25 14:28:05,623 [INFO] AnalyticsPlugin:253 - Accepted Software Licenses: 
2025-02-25 14:28:05,623 [INFO] AnalyticsPlugin:255 - Accepted CMSIS Pack Licenses: 
2025-02-25 14:28:05,625 [INFO] AnalyticsPlugin:257 - Accepted Firmware Licenses: FW.G0.1.6.0
2025-02-25 14:28:05,629 [INFO] PluginManage:359 - Loaded plugin analytics (category:tool,tabindex:-1)
2025-02-25 14:28:05,630 [INFO] PluginManage:310 - Check plugin cadmodel
2025-02-25 14:28:05,637 [INFO] CADModel:105 - Init CAD model plugin
2025-02-25 14:28:05,637 [INFO] PluginManage:359 - Loaded plugin cadmodel (category:power,tabindex:5)
2025-02-25 14:28:05,638 [INFO] PluginManage:310 - Check plugin clock
2025-02-25 14:28:05,654 [INFO] PluginManage:359 - Loaded plugin clock (category:base,tabindex:2)
2025-02-25 14:28:05,654 [INFO] PluginManage:310 - Check plugin ddr
2025-02-25 14:28:05,658 [INFO] PluginManage:359 - Loaded plugin ddr (category:tool,tabindex:6)
2025-02-25 14:28:05,658 [INFO] PluginManage:310 - Check plugin filemanager
2025-02-25 14:28:05,931 [INFO] PluginManage:359 - Loaded plugin filemanager (category:base,tabindex:10)
2025-02-25 14:28:05,932 [INFO] PluginManage:310 - Check plugin ipmanager
2025-02-25 14:28:05,952 [INFO] PluginManage:359 - Loaded plugin ipmanager (category:base,tabindex:5)
2025-02-25 14:28:05,952 [INFO] PluginManage:310 - Check plugin lpbam
2025-02-25 14:28:05,967 [INFO] PluginManage:359 - Loaded plugin lpbam (category:base,tabindex:0)
2025-02-25 14:28:05,968 [INFO] PluginManage:310 - Check plugin memorymap
2025-02-25 14:28:05,990 [INFO] PluginManage:359 - Loaded plugin memorymap (category:base,tabindex:4)
2025-02-25 14:28:05,990 [INFO] PluginManage:310 - Check plugin pinoutandconfiguration
2025-02-25 14:28:06,001 [INFO] PluginManage:359 - Loaded plugin pinoutandconfiguration (category:base,tabindex:1)
2025-02-25 14:28:06,001 [INFO] PluginManage:310 - Check plugin pinoutconfig
2025-02-25 14:28:06,142 [WARN] SupportedApi:132 - Cannot load RTOS API schema: s4s-elt-must-match.1: The content of 'definitions' must match (annotation?, (simpleType | complexType)?, (unique | key | keyref)*)). A problem was found starting at: attribute.
2025-02-25 14:28:06,346 [INFO] PluginManage:359 - Loaded plugin pinoutconfig (category:base,tabindex:0)
2025-02-25 14:28:06,347 [INFO] PluginManage:310 - Check plugin power
2025-02-25 14:28:06,357 [INFO] PluginManage:359 - Loaded plugin power (category:power,tabindex:4)
2025-02-25 14:28:06,357 [INFO] PluginManage:310 - Check plugin projectmanager
2025-02-25 14:28:06,389 [INFO] PluginManage:359 - Loaded plugin projectmanager (category:projectmanager,tabindex:4)
2025-02-25 14:28:06,391 [INFO] PluginManage:310 - Check plugin rif
2025-02-25 14:28:06,400 [INFO] PluginManage:359 - Loaded plugin rif (category:base,tabindex:3)
2025-02-25 14:28:06,401 [INFO] PluginManage:310 - Check plugin thirdparty
2025-02-25 14:28:06,603 [INFO] PluginManage:359 - Loaded plugin thirdparty (category:base,tabindex:-1)
2025-02-25 14:28:06,604 [INFO] PluginManage:310 - Check plugin tools
2025-02-25 14:28:06,603 [WARN] IntegrityCheckThread:84 - waiting for thirdparty lock release [integrity check]
2025-02-25 14:28:06,604 [INFO] IntegrityCheckThread:86 - entering critical section [integrity check]
2025-02-25 14:28:06,605 [INFO] ThirdPartyUpdaterWithRetryManager:70 - Updater plugin not ready yet. [1/15]
2025-02-25 14:28:06,607 [INFO] PluginManage:359 - Loaded plugin tools (category:base,tabindex:7)
2025-02-25 14:28:06,608 [INFO] PluginManage:310 - Check plugin tutovideos
2025-02-25 14:28:06,881 [INFO] PluginManage:359 - Loaded plugin tutovideos (category:base,tabindex:-1)
2025-02-25 14:28:06,881 [INFO] PluginManage:310 - Check plugin updater
2025-02-25 14:28:06,906 [INFO] PluginManage:359 - Loaded plugin updater (category:base,tabindex:12)
2025-02-25 14:28:06,906 [INFO] PluginManage:310 - Check plugin userauth
2025-02-25 14:28:06,913 [INFO] UserAuth:113 - Init User Auth plugin
2025-02-25 14:28:06,913 [INFO] PluginManage:359 - Loaded plugin userauth (category:base,tabindex:14)
2025-02-25 14:28:06,913 [INFO] PluginManage:283 - PluginManage : Loaded plugins [18]
2025-02-25 14:28:07,215 [INFO] PinOutPanel:1561 - setPackage(No Configuration,No Configuration)
2025-02-25 14:28:07,359 [INFO] CADModel:165 - CPN selected for project level
2025-02-25 14:28:07,360 [INFO] CADModel:114 - Register for checkConnection events
2025-02-25 14:28:07,381 [INFO] IPUIPlugin:80 - create IPUIPlugin
2025-02-25 14:28:07,382 [INFO] PluginManager:220 - loadIPPluginJar : add adc
2025-02-25 14:28:07,385 [INFO] IPUIPlugin:80 - create IPUIPlugin
2025-02-25 14:28:07,385 [INFO] PluginManager:220 - loadIPPluginJar : add aes
2025-02-25 14:28:07,388 [INFO] IPUIPlugin:80 - create IPUIPlugin
2025-02-25 14:28:07,388 [INFO] PluginManager:220 - loadIPPluginJar : add can
2025-02-25 14:28:07,391 [INFO] IPUIPlugin:80 - create IPUIPlugin
2025-02-25 14:28:07,391 [INFO] PluginManager:220 - loadIPPluginJar : add comp
2025-02-25 14:28:07,394 [INFO] IPUIPlugin:80 - create IPUIPlugin
2025-02-25 14:28:07,394 [INFO] PluginManager:220 - loadIPPluginJar : add cryp
2025-02-25 14:28:07,397 [INFO] IPUIPlugin:80 - create IPUIPlugin
2025-02-25 14:28:07,397 [INFO] PluginManager:220 - loadIPPluginJar : add ddr_ctrl_phy
2025-02-25 14:28:07,401 [INFO] IPUIPlugin:80 - create IPUIPlugin
2025-02-25 14:28:07,401 [INFO] PluginManager:220 - loadIPPluginJar : add dfsdm
2025-02-25 14:28:07,408 [INFO] IPUIPlugin:80 - create IPUIPlugin
2025-02-25 14:28:07,409 [INFO] PluginManager:220 - loadIPPluginJar : add dma
2025-02-25 14:28:07,412 [INFO] IPUIPlugin:80 - create IPUIPlugin
2025-02-25 14:28:07,412 [INFO] PluginManager:220 - loadIPPluginJar : add dma3
2025-02-25 14:28:07,416 [INFO] IPUIPlugin:80 - create IPUIPlugin
2025-02-25 14:28:07,416 [INFO] PluginManager:220 - loadIPPluginJar : add extmemmanager
2025-02-25 14:28:07,418 [INFO] IPUIPlugin:80 - create IPUIPlugin
2025-02-25 14:28:07,418 [INFO] PluginManager:220 - loadIPPluginJar : add fatfs
2025-02-25 14:28:07,423 [INFO] IPUIPlugin:80 - create IPUIPlugin
2025-02-25 14:28:07,423 [INFO] PluginManager:220 - loadIPPluginJar : add fmc
2025-02-25 14:28:07,430 [INFO] IPUIPlugin:80 - create IPUIPlugin
2025-02-25 14:28:07,431 [INFO] PluginManager:220 - loadIPPluginJar : add freertos
2025-02-25 14:28:07,432 [INFO] IPUIPlugin:80 - create IPUIPlugin
2025-02-25 14:28:07,433 [INFO] PluginManager:220 - loadIPPluginJar : add genericplugin
2025-02-25 14:28:07,435 [INFO] IPUIPlugin:80 - create IPUIPlugin
2025-02-25 14:28:07,436 [INFO] PluginManager:220 - loadIPPluginJar : add gfxmmu
2025-02-25 14:28:07,442 [INFO] IPUIPlugin:80 - create IPUIPlugin
2025-02-25 14:28:07,442 [INFO] PluginManager:220 - loadIPPluginJar : add gic
2025-02-25 14:28:07,447 [INFO] IPUIPlugin:80 - create IPUIPlugin
2025-02-25 14:28:07,447 [INFO] PluginManager:220 - loadIPPluginJar : add gpio
2025-02-25 14:28:07,451 [INFO] IPUIPlugin:80 - create IPUIPlugin
2025-02-25 14:28:07,451 [INFO] PluginManager:220 - loadIPPluginJar : add gtzc
2025-02-25 14:28:07,454 [INFO] IPUIPlugin:80 - create IPUIPlugin
2025-02-25 14:28:07,454 [INFO] PluginManager:220 - loadIPPluginJar : add hash
2025-02-25 14:28:07,458 [INFO] IPUIPlugin:80 - create IPUIPlugin
2025-02-25 14:28:07,458 [INFO] PluginManager:220 - loadIPPluginJar : add i2c
2025-02-25 14:28:07,460 [INFO] IPUIPlugin:80 - create IPUIPlugin
2025-02-25 14:28:07,460 [INFO] PluginManager:220 - loadIPPluginJar : add i2s
2025-02-25 14:28:07,463 [INFO] IPUIPlugin:80 - create IPUIPlugin
2025-02-25 14:28:07,464 [INFO] PluginManager:220 - loadIPPluginJar : add i3c
2025-02-25 14:28:07,467 [INFO] IPUIPlugin:80 - create IPUIPlugin
2025-02-25 14:28:07,468 [INFO] PluginManager:220 - loadIPPluginJar : add ipddr
2025-02-25 14:28:07,476 [INFO] IPUIPlugin:80 - create IPUIPlugin
2025-02-25 14:28:07,477 [INFO] PluginManager:220 - loadIPPluginJar : add linkedlist
2025-02-25 14:28:07,480 [INFO] IPUIPlugin:80 - create IPUIPlugin
2025-02-25 14:28:07,480 [INFO] PluginManager:220 - loadIPPluginJar : add lorawan
2025-02-25 14:28:07,482 [INFO] IPUIPlugin:80 - create IPUIPlugin
2025-02-25 14:28:07,482 [INFO] PluginManager:220 - loadIPPluginJar : add ltdc
2025-02-25 14:28:07,489 [INFO] IPUIPlugin:80 - create IPUIPlugin
2025-02-25 14:28:07,490 [INFO] PluginManager:220 - loadIPPluginJar : add mdma
2025-02-25 14:28:07,493 [INFO] IPUIPlugin:80 - create IPUIPlugin
2025-02-25 14:28:07,494 [INFO] PluginManager:220 - loadIPPluginJar : add nvic
2025-02-25 14:28:07,497 [INFO] IPUIPlugin:80 - create IPUIPlugin
2025-02-25 14:28:07,497 [INFO] PluginManager:220 - loadIPPluginJar : add opamp
2025-02-25 14:28:07,502 [INFO] IPUIPlugin:80 - create IPUIPlugin
2025-02-25 14:28:07,502 [INFO] PluginManager:220 - loadIPPluginJar : add openamp
2025-02-25 14:28:07,505 [INFO] IPUIPlugin:80 - create IPUIPlugin
2025-02-25 14:28:07,505 [INFO] PluginManager:220 - loadIPPluginJar : add pdm2pcm
2025-02-25 14:28:07,513 [INFO] IPUIPlugin:80 - create IPUIPlugin
2025-02-25 14:28:07,516 [INFO] PluginManager:220 - loadIPPluginJar : add plateformsettings
2025-02-25 14:28:07,518 [INFO] IPUIPlugin:80 - create IPUIPlugin
2025-02-25 14:28:07,519 [INFO] PluginManager:220 - loadIPPluginJar : add quadspi
2025-02-25 14:28:07,521 [INFO] IPUIPlugin:80 - create IPUIPlugin
2025-02-25 14:28:07,521 [INFO] PluginManager:220 - loadIPPluginJar : add radio
2025-02-25 14:28:07,526 [INFO] IPUIPlugin:80 - create IPUIPlugin
2025-02-25 14:28:07,526 [INFO] PluginManager:220 - loadIPPluginJar : add resmgrutility
2025-02-25 14:28:07,530 [INFO] IPUIPlugin:80 - create IPUIPlugin
2025-02-25 14:28:07,530 [INFO] PluginManager:220 - loadIPPluginJar : add sai
2025-02-25 14:28:07,533 [INFO] IPUIPlugin:80 - create IPUIPlugin
2025-02-25 14:28:07,533 [INFO] PluginManager:220 - loadIPPluginJar : add spi
2025-02-25 14:28:07,539 [INFO] IPUIPlugin:80 - create IPUIPlugin
2025-02-25 14:28:07,539 [INFO] PluginManager:220 - loadIPPluginJar : add stm32_wpan
2025-02-25 14:28:07,542 [INFO] IPUIPlugin:80 - create IPUIPlugin
2025-02-25 14:28:07,542 [INFO] PluginManager:220 - loadIPPluginJar : add tim
2025-02-25 14:28:07,546 [INFO] IPUIPlugin:80 - create IPUIPlugin
2025-02-25 14:28:07,546 [INFO] PluginManager:220 - loadIPPluginJar : add touchsensing
2025-02-25 14:28:07,549 [INFO] IPUIPlugin:80 - create IPUIPlugin
2025-02-25 14:28:07,549 [INFO] PluginManager:220 - loadIPPluginJar : add tracer_emb
2025-02-25 14:28:07,551 [INFO] IPUIPlugin:80 - create IPUIPlugin
2025-02-25 14:28:07,551 [INFO] PluginManager:220 - loadIPPluginJar : add ts
2025-02-25 14:28:07,554 [INFO] IPUIPlugin:80 - create IPUIPlugin
2025-02-25 14:28:07,554 [INFO] PluginManager:220 - loadIPPluginJar : add tsc
2025-02-25 14:28:07,556 [INFO] IPUIPlugin:80 - create IPUIPlugin
2025-02-25 14:28:07,556 [INFO] PluginManager:220 - loadIPPluginJar : add ucpd
2025-02-25 14:28:07,560 [INFO] IPUIPlugin:80 - create IPUIPlugin
2025-02-25 14:28:07,560 [INFO] PluginManager:220 - loadIPPluginJar : add usart
2025-02-25 14:28:07,565 [INFO] IPUIPlugin:80 - create IPUIPlugin
2025-02-25 14:28:07,565 [INFO] PluginManager:220 - loadIPPluginJar : add usbx
2025-02-25 14:28:07,734 [INFO] CADModel:165 - CPN selected for project level
2025-02-25 14:28:07,734 [INFO] CADModel:114 - Register for checkConnection events
2025-02-25 14:28:07,734 [FATAL] Updater:334 - Updater called before beeing initialized
2025-02-25 14:28:07,735 [ERROR] CADModel:125 - Updater not yet initialized, retry later 
2025-02-25 14:28:07,940 [INFO] CADModel:165 - CPN selected for project level
2025-02-25 14:28:07,940 [INFO] CADModel:114 - Register for checkConnection events
2025-02-25 14:28:07,940 [FATAL] Updater:334 - Updater called before beeing initialized
2025-02-25 14:28:07,941 [ERROR] CADModel:125 - Updater not yet initialized, retry later 
2025-02-25 14:28:07,944 [FATAL] Updater:334 - Updater called before beeing initialized
2025-02-25 14:28:08,107 [FATAL] Updater:334 - Updater called before beeing initialized
2025-02-25 14:28:08,113 [INFO] DbMcusAds:53 - JSON generation date=Tue Dec 17 17:01:15 CET 2024 (1734451275111)
2025-02-25 14:28:08,114 [FATAL] Updater:334 - Updater called before beeing initialized
2025-02-25 14:28:08,168 [WARN] DetailPanel:346 - Failed to get advertising image, set to default
2025-02-25 14:28:08,327 [FATAL] Updater:334 - Updater called before beeing initialized
2025-02-25 14:28:08,329 [FATAL] Updater:334 - Updater called before beeing initialized
2025-02-25 14:28:08,330 [FATAL] Updater:334 - Updater called before beeing initialized
2025-02-25 14:28:08,330 [WARN] DetailPanel:346 - Failed to get advertising image, set to default
2025-02-25 14:28:08,331 [FATAL] Updater:334 - Updater called before beeing initialized
2025-02-25 14:28:08,404 [ERROR] Updater:1164 - MainUpdater not yet initialized. External WinMGr cannot be set.
2025-02-25 14:28:08,408 [INFO] Updater:1100 - Updater Version found : 6.12.1
2025-02-25 14:28:08,431 [INFO] ApplicationProperties:184 - Using Application install path: C:\ST\STM32CubeIDE_1.13.2\STM32CubeIDE\plugins\com.st.stm32cube.common.mx_6.12.1.202409122256
2025-02-25 14:28:09,620 [INFO] ThirdPartyUpdaterWithRetryManager:70 - Updater plugin not ready yet. [2/15]
2025-02-25 14:28:10,051 [ERROR] LogOutputStream:75 - [STDERR_REDIRECT] Feb 25, 2025 2:28:10 PM java.util.prefs.WindowsPreferences <init>
2025-02-25 14:28:10,053 [ERROR] LogOutputStream:75 - [STDERR_REDIRECT] WARNING: Could not open/create prefs root node Software\JavaSoft\Prefs at root 0xffffffff80000002. Windows RegCreateKeyEx(...) returned error code 5.
2025-02-25 14:28:10,054 [ERROR] LogOutputStream:75 - [STDERR_REDIRECT] 
2025-02-25 14:28:10,459 [INFO] MainUpdater:2873 - connection check result : 10
2025-02-25 14:28:10,460 [INFO] MainUpdater:290 - Updater Check For Update Now.
2025-02-25 14:28:10,461 [INFO] MicroXplorer:498 - Change Database Version : DB.6.0.121
2025-02-25 14:28:10,472 [INFO] McuFinderGlobals:63 - Set McuFinder mode to 2 (CubeIDE integrated)
2025-02-25 14:28:10,473 [INFO] UserAuth:417 - Internet connection configuration mode: 1
2025-02-25 14:28:10,494 [INFO] JxBrowserEngine:152 - Initiate JxBrowser Engine with user profile folder
2025-02-25 14:28:10,702 [INFO] CheckServerUpdateThread:120 - End of CheckServer Thread
2025-02-25 14:28:11,407 [INFO] WebApp:167 - Instantiating new browser for Auth
2025-02-25 14:28:12,460 [INFO] WebApp:448 - Apply proxy settings
2025-02-25 14:28:12,461 [INFO] WebApp:533 - Chromium requires no authentication
2025-02-25 14:28:12,470 [INFO] WebApp:476 - Direct internet connection detected
2025-02-25 14:28:12,498 [INFO] WebApp:869 - Register for checkConnection events
2025-02-25 14:28:12,498 [INFO] WebApp:448 - Apply proxy settings
2025-02-25 14:28:12,498 [INFO] WebApp:533 - Chromium requires no authentication
2025-02-25 14:28:12,499 [INFO] WebApp:476 - Direct internet connection detected
2025-02-25 14:28:12,675 [INFO] WebApp:186 - Connection restablished
2025-02-25 14:28:12,802 [INFO] WebApp:220 - Starting web application
2025-02-25 14:28:12,802 [INFO] WebApp:578 - Web application path used C:\ST\STM32CubeIDE_1.13.2\STM32CubeIDE\plugins\com.st.stm32cube.common.mx_6.12.1.202409122256\db\plugins\mcufinder\reactClient1\index.html
2025-02-25 14:28:12,977 [INFO] UserAuth:417 - Internet connection configuration mode: 1
2025-02-25 14:28:13,135 [WARN] PackLoader:240 - Cannot read IP mode file for STMicroelectronics.FP-SNS-MOTENVWB1.1.4.0
2025-02-25 14:28:13,153 [WARN] PackLoader:240 - Cannot read IP mode file for STMicroelectronics.FP-ATR-ASTRA1.2.0.1
2025-02-25 14:28:13,171 [WARN] PackLoader:240 - Cannot read IP mode file for STMicroelectronics.X-CUBE-SMBUS.2.1.0
2025-02-25 14:28:13,187 [WARN] PackLoader:240 - Cannot read IP mode file for STMicroelectronics.X-CUBE-WB05N.1.1.0
2025-02-25 14:28:13,198 [WARN] PackLoader:240 - Cannot read IP mode file for STMicroelectronics.X-CUBE-TOUCHGFX.4.23.0
2025-02-25 14:28:13,265 [WARN] PackLoader:240 - Cannot read IP mode file for STMicroelectronics.X-CUBE-AZRTOS-F7.1.1.0
2025-02-25 14:28:13,587 [WARN] PackLoader:240 - Cannot read IP mode file for STMicroelectronics.FP-SNS-MOTENV1.4.3.2
2025-02-25 14:28:13,655 [WARN] PackLoader:240 - Cannot read IP mode file for STMicroelectronics.X-CUBE-MEMS1.11.0.0
2025-02-25 14:28:13,853 [WARN] PackLoader:240 - Cannot read IP mode file for STMicroelectronics.FP-SNS-FLIGHT1.5.0.2
2025-02-25 14:28:13,863 [WARN] PackLoader:240 - Cannot read IP mode file for STMicroelectronics.X-CUBE-DISPLAY.3.0.0
2025-02-25 14:28:13,873 [WARN] PackLoader:240 - Cannot read IP mode file for STMicroelectronics.X-CUBE-BLE1.7.0.0
2025-02-25 14:28:13,888 [WARN] PackLoader:240 - Cannot read IP mode file for STMicroelectronics.X-CUBE-NFC10.1.0.0
2025-02-25 14:28:13,899 [WARN] PackLoader:240 - Cannot read IP mode file for STMicroelectronics.X-CUBE-BLEMGR.4.0.0
2025-02-25 14:28:13,910 [WARN] PackLoader:240 - Cannot read IP mode file for emotas.I-CUBE-CANOPEN.1.3.0
2025-02-25 14:28:13,922 [WARN] PackLoader:240 - Cannot read IP mode file for STMicroelectronics.X-CUBE-BLEMGR.3.1.0
2025-02-25 14:28:13,931 [WARN] PackLoader:240 - Cannot read IP mode file for STMicroelectronics.X-CUBE-AI.10.0.0
2025-02-25 14:28:13,936 [WARN] PackLoader:240 - Cannot read IP mode file for STMicroelectronics.FP-SNS-SMARTAG2.1.2.0
2025-02-25 14:28:13,990 [WARN] PackLoader:240 - Cannot read IP mode file for STMicroelectronics.X-CUBE-MEMS1.11.1.0
2025-02-25 14:28:14,239 [INFO] LogOutputStream:77 - [STDOUT_REDIRECT] 1 : Invalid condition id : UX_CORESTACK_Condition cause : null
2025-02-25 14:28:14,240 [INFO] LogOutputStream:77 - [STDOUT_REDIRECT] 1 : Invalid condition id : UX_CORESTACK_Condition cause : null
2025-02-25 14:28:14,241 [INFO] LogOutputStream:77 - [STDOUT_REDIRECT] 1 : Invalid condition id : UX_CORESTACK_Condition cause : null
2025-02-25 14:28:14,243 [INFO] LogOutputStream:77 - [STDOUT_REDIRECT] 1 : Invalid condition id : UX_CORESTACK_Condition cause : null
2025-02-25 14:28:14,246 [INFO] LogOutputStream:77 - [STDOUT_REDIRECT] 1 : Invalid condition id : UX_CORESTACK_Condition cause : null
2025-02-25 14:28:14,250 [WARN] PackLoader:240 - Cannot read IP mode file for STMicroelectronics.X-CUBE-AZRTOS-WL.2.0.0
2025-02-25 14:28:14,256 [WARN] PackLoader:240 - Cannot read IP mode file for STMicroelectronics.FP-SNS-MOTENV1.5.0.0
2025-02-25 14:28:14,264 [WARN] PackLoader:240 - Cannot read IP mode file for wolfSSL.I-CUBE-wolfMQTT.1.19.0
2025-02-25 14:28:14,275 [WARN] PackLoader:240 - Cannot read IP mode file for WES.I-CUBE-Cesium.1.3.0
2025-02-25 14:28:14,281 [WARN] PackLoader:240 - Cannot read IP mode file for STMicroelectronics.X-CUBE-BLE2.3.3.0
2025-02-25 14:28:14,288 [WARN] PackLoader:240 - Cannot read IP mode file for STMicroelectronics.X-CUBE-NFC9.1.0.0
2025-02-25 14:28:14,297 [WARN] PackLoader:240 - Cannot read IP mode file for STMicroelectronics.X-CUBE-TCPP.4.1.0
2025-02-25 14:28:14,305 [WARN] PackLoader:240 - Cannot read IP mode file for STMicroelectronics.X-CUBE-ALGOBUILD.1.3.0
2025-02-25 14:28:14,321 [WARN] PackLoader:240 - Cannot read IP mode file for STMicroelectronics.X-CUBE-AZRTOS-G0.1.1.0
2025-02-25 14:28:14,331 [WARN] PackLoader:240 - Cannot read IP mode file for STMicroelectronics.X-CUBE-SAFEA1.1.2.2
2025-02-25 14:28:14,338 [WARN] PackLoader:240 - Cannot read IP mode file for STMicroelectronics.X-CUBE-NFC4.3.0.0
2025-02-25 14:28:14,349 [WARN] PackLoader:240 - Cannot read IP mode file for EmbeddedOffice.I-CUBE-FS-RTOS.1.0.1
2025-02-25 14:28:14,350 [ERROR] ConditionMgr:805 - Attr not supported : Dmpu
2025-02-25 14:28:14,350 [ERROR] ConditionMgr:805 - Attr not supported : Dmpu
2025-02-25 14:28:14,350 [ERROR] ConditionMgr:805 - Attr not supported : Dmpu
2025-02-25 14:28:14,350 [ERROR] ConditionMgr:805 - Attr not supported : Dmpu
2025-02-25 14:28:14,350 [ERROR] ConditionMgr:805 - Attr not supported : Dmpu
2025-02-25 14:28:14,350 [ERROR] ConditionMgr:805 - Attr not supported : Dmpu
2025-02-25 14:28:14,350 [ERROR] ConditionMgr:805 - Attr not supported : Dmpu
2025-02-25 14:28:14,350 [ERROR] ConditionMgr:805 - Attr not supported : Dmpu
2025-02-25 14:28:14,350 [ERROR] ConditionMgr:805 - Attr not supported : Dmpu
2025-02-25 14:28:14,350 [ERROR] ConditionMgr:805 - Attr not supported : Dmpu
2025-02-25 14:28:14,351 [ERROR] ConditionMgr:805 - Attr not supported : Dmpu
2025-02-25 14:28:14,351 [ERROR] ConditionMgr:805 - Attr not supported : Dmpu
2025-02-25 14:28:14,351 [ERROR] ConditionMgr:805 - Attr not supported : Dmpu
2025-02-25 14:28:14,351 [ERROR] ConditionMgr:805 - Attr not supported : Dmpu
2025-02-25 14:28:14,351 [ERROR] ConditionMgr:805 - Attr not supported : Dmpu
2025-02-25 14:28:14,351 [ERROR] ConditionMgr:805 - Attr not supported : Dmpu
2025-02-25 14:28:14,351 [ERROR] ConditionMgr:805 - Attr not supported : Dmpu
2025-02-25 14:28:14,351 [ERROR] ConditionMgr:805 - Attr not supported : Dmpu
2025-02-25 14:28:14,351 [ERROR] ConditionMgr:805 - Attr not supported : Dmpu
2025-02-25 14:28:14,351 [ERROR] ConditionMgr:805 - Attr not supported : Dmpu
2025-02-25 14:28:14,351 [ERROR] ConditionMgr:805 - Attr not supported : Dmpu
2025-02-25 14:28:14,352 [ERROR] ConditionMgr:805 - Attr not supported : Dmpu
2025-02-25 14:28:14,352 [ERROR] ConditionMgr:805 - Attr not supported : Dmpu
2025-02-25 14:28:14,352 [ERROR] ConditionMgr:805 - Attr not supported : Dmpu
2025-02-25 14:28:14,352 [ERROR] ConditionMgr:805 - Attr not supported : Dmpu
2025-02-25 14:28:14,352 [ERROR] ConditionMgr:805 - Attr not supported : Dmpu
2025-02-25 14:28:14,352 [ERROR] ConditionMgr:805 - Attr not supported : Dmpu
2025-02-25 14:28:14,352 [ERROR] ConditionMgr:805 - Attr not supported : Dmpu
2025-02-25 14:28:14,352 [ERROR] ConditionMgr:805 - Attr not supported : Dmpu
2025-02-25 14:28:14,352 [ERROR] ConditionMgr:805 - Attr not supported : Dmpu
2025-02-25 14:28:14,352 [ERROR] ConditionMgr:805 - Attr not supported : Dmpu
2025-02-25 14:28:14,352 [ERROR] ConditionMgr:805 - Attr not supported : Dmpu
2025-02-25 14:28:14,352 [ERROR] ConditionMgr:805 - Attr not supported : Dmpu
2025-02-25 14:28:14,353 [ERROR] ConditionMgr:805 - Attr not supported : Dmpu
2025-02-25 14:28:14,353 [ERROR] ConditionMgr:805 - Attr not supported : Dmpu
2025-02-25 14:28:14,353 [ERROR] ConditionMgr:805 - Attr not supported : Dmpu
2025-02-25 14:28:14,353 [ERROR] ConditionMgr:805 - Attr not supported : Dmpu
2025-02-25 14:28:14,353 [ERROR] ConditionMgr:805 - Attr not supported : Dmpu
2025-02-25 14:28:14,353 [ERROR] ConditionMgr:805 - Attr not supported : Dmpu
2025-02-25 14:28:14,353 [ERROR] ConditionMgr:805 - Attr not supported : Dmpu
2025-02-25 14:28:14,353 [ERROR] ConditionMgr:805 - Attr not supported : Dmpu
2025-02-25 14:28:14,353 [ERROR] ConditionMgr:805 - Attr not supported : Dmpu
2025-02-25 14:28:14,353 [ERROR] ConditionMgr:805 - Attr not supported : Dmpu
2025-02-25 14:28:14,354 [ERROR] ConditionMgr:805 - Attr not supported : Dmpu
2025-02-25 14:28:14,354 [ERROR] ConditionMgr:805 - Attr not supported : Dmpu
2025-02-25 14:28:14,354 [ERROR] ConditionMgr:805 - Attr not supported : Dmpu
2025-02-25 14:28:14,354 [ERROR] ConditionMgr:805 - Attr not supported : Dmpu
2025-02-25 14:28:14,354 [ERROR] ConditionMgr:805 - Attr not supported : Dmpu
2025-02-25 14:28:14,354 [ERROR] ConditionMgr:805 - Attr not supported : Dmpu
2025-02-25 14:28:14,354 [ERROR] ConditionMgr:805 - Attr not supported : Dmpu
2025-02-25 14:28:14,354 [ERROR] ConditionMgr:805 - Attr not supported : Dmpu
2025-02-25 14:28:14,354 [ERROR] ConditionMgr:805 - Attr not supported : Dmpu
2025-02-25 14:28:14,354 [ERROR] ConditionMgr:805 - Attr not supported : Dmpu
2025-02-25 14:28:14,354 [ERROR] ConditionMgr:805 - Attr not supported : Dmpu
2025-02-25 14:28:14,355 [ERROR] ConditionMgr:805 - Attr not supported : Dmpu
2025-02-25 14:28:14,355 [ERROR] ConditionMgr:805 - Attr not supported : Dmpu
2025-02-25 14:28:14,355 [ERROR] ConditionMgr:805 - Attr not supported : Dmpu
2025-02-25 14:28:14,355 [ERROR] ConditionMgr:805 - Attr not supported : Dmpu
2025-02-25 14:28:14,355 [ERROR] ConditionMgr:805 - Attr not supported : Dmpu
2025-02-25 14:28:14,355 [ERROR] ConditionMgr:805 - Attr not supported : Dmpu
2025-02-25 14:28:14,355 [ERROR] ConditionMgr:805 - Attr not supported : Dmpu
2025-02-25 14:28:14,355 [ERROR] ConditionMgr:805 - Attr not supported : Dmpu
2025-02-25 14:28:14,355 [ERROR] ConditionMgr:805 - Attr not supported : Dmpu
2025-02-25 14:28:14,355 [ERROR] ConditionMgr:805 - Attr not supported : Dmpu
2025-02-25 14:28:14,365 [WARN] PackLoader:240 - Cannot read IP mode file for STMicroelectronics.X-CUBE-BLEMGR.3.0.0
2025-02-25 14:28:14,371 [ERROR] Engine:466 - C:\Users\kacpe\.stm32cubemx\thirdparties\pdsc\STMicroelectronics.X-CUBE-TCPP.4.2.0.pdsc: PDSC version is not supported
2025-02-25 14:28:14,378 [WARN] PackLoader:240 - Cannot read IP mode file for RealThread.X-CUBE-RT-Thread_Nano.4.1.1
2025-02-25 14:28:14,383 [WARN] PackLoader:240 - Cannot read IP mode file for STMicroelectronics.FP-ATR-SIGFOX1.3.2.0
2025-02-25 14:28:14,389 [WARN] ConditionMgr:438 - getConditionDescription Invalid condition id : Cortex-A Device cause : null
2025-02-25 14:28:14,399 [WARN] ConditionMgr:1039 - genDependencies : Invalid condition id : Cortex-A Device cause : null
2025-02-25 14:28:14,399 [WARN] ConditionMgr:1039 - genDependencies : Invalid condition id : Cortex-A Device cause : null
2025-02-25 14:28:14,399 [WARN] ConditionMgr:1039 - genDependencies : Invalid condition id : Cortex-A Device cause : null
2025-02-25 14:28:14,406 [WARN] PackLoader:240 - Cannot read IP mode file for STMicroelectronics.X-CUBE-EEPRMA1.5.1.0
2025-02-25 14:28:14,441 [WARN] PackLoader:240 - Cannot read IP mode file for SEGGER.I-CUBE-embOS.1.3.1
2025-02-25 14:28:14,479 [WARN] PackLoader:240 - Cannot read IP mode file for STMicroelectronics.X-CUBE-ALGOBUILD.1.4.0
2025-02-25 14:28:14,484 [WARN] PackLoader:240 - Cannot read IP mode file for STMicroelectronics.X-CUBE-AI.9.1.0
2025-02-25 14:28:14,491 [WARN] PackLoader:240 - Cannot read IP mode file for STMicroelectronics.X-CUBE-GNSS1.6.0.0
2025-02-25 14:28:14,509 [WARN] PackLoader:240 - Cannot read IP mode file for STMicroelectronics.X-CUBE-AZRTOS-F4.1.1.0
2025-02-25 14:28:14,517 [WARN] PackLoader:240 - Cannot read IP mode file for wolfSSL.I-CUBE-wolfSSL.5.6.4
2025-02-25 14:28:14,522 [WARN] PackLoader:240 - Cannot read IP mode file for STMicroelectronics.X-CUBE-ISPU.2.1.0
2025-02-25 14:28:14,529 [WARN] PackLoader:240 - Cannot read IP mode file for STMicroelectronics.X-CUBE-FREERTOS.1.2.0
2025-02-25 14:28:14,549 [WARN] PackLoader:240 - Cannot read IP mode file for STMicroelectronics.X-CUBE-AZRTOS-L5.2.0.0
2025-02-25 14:28:14,562 [WARN] PackLoader:240 - Cannot read IP mode file for STMicroelectronics.X-CUBE-EEPRMA1.4.2.0
2025-02-25 14:28:14,570 [WARN] PackLoader:240 - Cannot read IP mode file for STMicroelectronics.X-CUBE-NFC6.3.1.0
2025-02-25 14:28:14,579 [WARN] PackLoader:240 - Cannot read IP mode file for ITTIA_DB.I-CUBE-ITTIADB.8.8.0
2025-02-25 14:28:14,585 [WARN] PackLoader:240 - Cannot read IP mode file for STMicroelectronics.X-CUBE-DPower.1.2.0
2025-02-25 14:28:14,590 [WARN] PackLoader:240 - Cannot read IP mode file for STMicroelectronics.X-CUBE-FREERTOS.1.3.0
2025-02-25 14:28:14,597 [WARN] PackLoader:240 - Cannot read IP mode file for STMicroelectronics.X-CUBE-NFC7.1.0.1
2025-02-25 14:28:14,603 [WARN] PackLoader:240 - Cannot read IP mode file for STMicroelectronics.X-CUBE-NFC6.3.0.0
2025-02-25 14:28:14,614 [WARN] PackLoader:240 - Cannot read IP mode file for STMicroelectronics.X-CUBE-AI.8.1.0
2025-02-25 14:28:14,633 [WARN] ConditionMgr:438 - getConditionDescription Invalid condition id : LAN8742 Phy interface Condition cause : null
2025-02-25 14:28:14,633 [WARN] PackLoader:240 - Cannot read IP mode file for STMicroelectronics.X-CUBE-AZRTOS-L4.2.0.0
2025-02-25 14:28:14,634 [WARN] ConditionMgr:1039 - genDependencies : Invalid condition id : LAN8742 Phy interface Condition cause : null
2025-02-25 14:28:14,634 [WARN] ConditionMgr:1039 - genDependencies : Invalid condition id : LAN8742 Phy interface Condition cause : null
2025-02-25 14:28:14,636 [WARN] ConditionMgr:1039 - genDependencies : Invalid condition id : LAN8742 Phy interface Condition cause : null
2025-02-25 14:28:14,644 [WARN] PackLoader:240 - Cannot read IP mode file for STMicroelectronics.X-CUBE-SFXS2LP1.4.0.0
2025-02-25 14:28:14,667 [WARN] PackLoader:240 - Cannot read IP mode file for STMicroelectronics.X-CUBE-AZRTOS-H7.3.3.0
2025-02-25 14:28:14,685 [WARN] PackLoader:240 - Cannot read IP mode file for STMicroelectronics.X-CUBE-IPS.3.0.0
2025-02-25 14:28:14,702 [WARN] ConditionMgr:438 - getConditionDescription Invalid condition id : UX DEVICE CLASS RTOS Condition cause : null
2025-02-25 14:28:14,703 [WARN] ConditionMgr:438 - getConditionDescription Invalid condition id : UX DEVICE CLASS RTOS Condition cause : null
2025-02-25 14:28:14,705 [WARN] PackLoader:240 - Cannot read IP mode file for STMicroelectronics.X-CUBE-AZRTOS-WB.2.0.0
2025-02-25 14:28:14,706 [WARN] ConditionMgr:1039 - genDependencies : Invalid condition id : UX DEVICE CLASS RTOS Condition cause : null
2025-02-25 14:28:14,706 [WARN] ConditionMgr:1039 - genDependencies : Invalid condition id : UX DEVICE CLASS RTOS Condition cause : null
2025-02-25 14:28:14,706 [WARN] ConditionMgr:1039 - genDependencies : Invalid condition id : UX DEVICE CLASS RTOS Condition cause : null
2025-02-25 14:28:14,706 [WARN] ConditionMgr:1039 - genDependencies : Invalid condition id : UX DEVICE CLASS RTOS Condition cause : null
2025-02-25 14:28:14,707 [WARN] ConditionMgr:1039 - genDependencies : Invalid condition id : UX DEVICE CLASS RTOS Condition cause : null
2025-02-25 14:28:14,712 [WARN] PackLoader:240 - Cannot read IP mode file for STMicroelectronics.X-CUBE-GNSS1.7.0.0
2025-02-25 14:28:14,718 [WARN] PackLoader:240 - Cannot read IP mode file for STMicroelectronics.X-CUBE-GNSS1.7.0.1
2025-02-25 14:28:14,726 [WARN] PackLoader:240 - Cannot read IP mode file for STMicroelectronics.FP-SNS-STBOX1.2.0.0
2025-02-25 14:28:14,742 [WARN] PackLoader:240 - Cannot read IP mode file for STMicroelectronics.X-CUBE-SUBG2.5.0.0
2025-02-25 14:28:14,755 [WARN] PackLoader:240 - Cannot read IP mode file for Cesanta.I-CUBE-Mongoose.7.13.0
2025-02-25 14:28:14,769 [WARN] PackLoader:240 - Cannot read IP mode file for STMicroelectronics.X-CUBE-AZRTOS-G4.2.0.0
2025-02-25 14:28:14,784 [WARN] PackLoader:240 - Cannot read IP mode file for Infineon.AIROC-Wi-Fi-Bluetooth-STM32.1.5.1
2025-02-25 14:28:14,791 [WARN] PackLoader:240 - Cannot read IP mode file for STMicroelectronics.FP-SNS-MOTENVWB1.1.3.1
2025-02-25 14:28:14,796 [WARN] PackLoader:240 - Cannot read IP mode file for STMicroelectronics.X-CUBE-ISPU.2.0.0
2025-02-25 14:28:14,802 [ERROR] Engine:466 - C:\Users\kacpe\.stm32cubemx\thirdparties\pdsc\STMicroelectronics.X-CUBE-IPS.3.1.0.pdsc: PDSC version is not supported
2025-02-25 14:28:14,809 [WARN] PackLoader:240 - Cannot read IP mode file for STMicroelectronics.X-CUBE-ALS.1.0.2
2025-02-25 14:28:14,871 [WARN] PackLoader:240 - Cannot read IP mode file for STMicroelectronics.X-CUBE-MEMS1.10.0.0
2025-02-25 14:28:15,010 [WARN] PackLoader:240 - Cannot read IP mode file for STMicroelectronics.X-CUBE-FREERTOS.1.1.0
2025-02-25 14:28:15,016 [WARN] PackLoader:240 - Cannot read IP mode file for STMicroelectronics.X-CUBE-TOUCHGFX.4.24.2
2025-02-25 14:28:15,020 [WARN] PackLoader:240 - Cannot read IP mode file for STMicroelectronics.X-CUBE-TOUCHGFX.4.24.1
2025-02-25 14:28:15,024 [WARN] PackLoader:240 - Cannot read IP mode file for wolfSSL.I-CUBE-wolfTPM.3.4.0
2025-02-25 14:28:15,033 [WARN] PackLoader:240 - Cannot read IP mode file for portGmbH.I-Cube-SoM-uGOAL.1.1.0
2025-02-25 14:28:15,039 [WARN] PackLoader:240 - Cannot read IP mode file for STMicroelectronics.X-CUBE-ALS.1.0.1
2025-02-25 14:28:15,065 [WARN] PackLoader:240 - Cannot read IP mode file for STMicroelectronics.X-CUBE-AZRTOS-H7RS.1.0.0
2025-02-25 14:28:15,074 [WARN] PackLoader:240 - Cannot read IP mode file for STMicroelectronics.FP-ATR-ASTRA1.2.0.0
2025-02-25 14:28:15,091 [WARN] PackLoader:240 - Cannot read IP mode file for STMicroelectronics.X-CUBE-TOF1.3.4.2
2025-02-25 14:28:15,129 [WARN] PackLoader:240 - Cannot read IP mode file for STMicroelectronics.X-CUBE-TOF1.3.4.0
2025-02-25 14:28:15,159 [WARN] PackLoader:240 - Cannot read IP mode file for STMicroelectronics.X-CUBE-TOF1.3.4.1
2025-02-25 14:28:15,200 [WARN] PackLoader:240 - Cannot read IP mode file for STMicroelectronics.X-CUBE-AZRTOS-H7.3.2.0
2025-02-25 14:28:15,211 [WARN] PackLoader:240 - Cannot read IP mode file for wolfSSL.I-CUBE-wolfSSH.1.4.17
2025-02-25 14:28:15,213 [INFO] ThirdParty:978 - Integrity check success = true
2025-02-25 14:28:15,213 [INFO] IntegrityCheckThread:100 - exiting critical section [integrity check]
2025-02-25 14:28:15,213 [INFO] IntegrityCheckThread:103 - End integrity checks thread
2025-02-25 14:48:01,281 [INFO] WebApp:189 - Connection lost
2025-02-25 15:58:32,568 [INFO] WebApp:186 - Connection restablished
2025-02-25 15:58:34,412 [INFO] WebApp:189 - Connection lost
2025-02-25 15:58:34,543 [INFO] WebApp:186 - Connection restablished
2025-02-25 16:00:19,408 [INFO] WebApp:189 - Connection lost
2025-02-25 16:00:19,584 [INFO] WebApp:186 - Connection restablished
2025-02-25 16:08:15,843 [ERROR] LogOutputStream:75 - [STDERR_REDIRECT] 
